#! /usr/bin/vvp
:ivl_version "11.0 (stable)";
:ivl_delay_selection "TYPICAL";
:vpi_time_precision - 12;
:vpi_module "/usr/lib/x86_64-linux-gnu/ivl/system.vpi";
:vpi_module "/usr/lib/x86_64-linux-gnu/ivl/vhdl_sys.vpi";
:vpi_module "/usr/lib/x86_64-linux-gnu/ivl/vhdl_textio.vpi";
:vpi_module "/usr/lib/x86_64-linux-gnu/ivl/v2005_math.vpi";
:vpi_module "/usr/lib/x86_64-linux-gnu/ivl/va_math.vpi";
S_0x556bc00630f0 .scope module, "test" "test" 2 2;
 .timescale -9 -12;
v0x556bc00b5030_0 .var "datain1", 3 0;
v0x556bc00b5110_0 .var "datain2", 3 0;
v0x556bc00b51b0_0 .var "op_code", 3 0;
v0x556bc00b52b0_0 .net "out", 7 0, v0x556bc00b4ed0_0;  1 drivers
E_0x556bc00a0de0 .event edge, v0x556bc00b4e10_0, v0x556bc0064fa0_0, v0x556bc00b4d30_0, v0x556bc00b4ed0_0;
S_0x556bc0063280 .scope module, "t" "alu" 2 7, 3 1 0, S_0x556bc00630f0;
 .timescale -9 -12;
    .port_info 0 /INPUT 4 "datain1";
    .port_info 1 /INPUT 4 "datain2";
    .port_info 2 /INPUT 4 "op_code";
    .port_info 3 /OUTPUT 8 "out";
v0x556bc0064fa0_0 .net "datain1", 3 0, v0x556bc00b5030_0;  1 drivers
v0x556bc00b4d30_0 .net "datain2", 3 0, v0x556bc00b5110_0;  1 drivers
v0x556bc00b4e10_0 .net "op_code", 3 0, v0x556bc00b51b0_0;  1 drivers
v0x556bc00b4ed0_0 .var "out", 7 0;
E_0x556bc00a1070 .event edge, v0x556bc00b4e10_0, v0x556bc0064fa0_0, v0x556bc00b4d30_0;
    .scope S_0x556bc0063280;
T_0 ;
    %wait E_0x556bc00a1070;
    %load/vec4 v0x556bc00b4e10_0;
    %dup/vec4;
    %pushi/vec4 3, 0, 4;
    %cmp/u;
    %jmp/1 T_0.0, 6;
    %dup/vec4;
    %pushi/vec4 4, 0, 4;
    %cmp/u;
    %jmp/1 T_0.1, 6;
    %dup/vec4;
    %pushi/vec4 5, 0, 4;
    %cmp/u;
    %jmp/1 T_0.2, 6;
    %pushi/vec4 0, 0, 8;
    %store/vec4 v0x556bc00b4ed0_0, 0, 8;
    %jmp T_0.4;
T_0.0 ;
    %load/vec4 v0x556bc0064fa0_0;
    %pad/u 8;
    %load/vec4 v0x556bc00b4d30_0;
    %pad/u 8;
    %add;
    %store/vec4 v0x556bc00b4ed0_0, 0, 8;
    %jmp T_0.4;
T_0.1 ;
    %load/vec4 v0x556bc0064fa0_0;
    %pad/u 8;
    %load/vec4 v0x556bc00b4d30_0;
    %pad/u 8;
    %sub;
    %store/vec4 v0x556bc00b4ed0_0, 0, 8;
    %jmp T_0.4;
T_0.2 ;
    %load/vec4 v0x556bc0064fa0_0;
    %pad/u 8;
    %load/vec4 v0x556bc00b4d30_0;
    %pad/u 8;
    %mul;
    %store/vec4 v0x556bc00b4ed0_0, 0, 8;
    %jmp T_0.4;
T_0.4 ;
    %pop/vec4 1;
    %jmp T_0;
    .thread T_0, $push;
    .scope S_0x556bc00630f0;
T_1 ;
    %vpi_call 2 11 "$dumpfile", "alu.vcd" {0 0 0};
    %vpi_call 2 12 "$dumpvars" {0 0 0};
    %end;
    .thread T_1;
    .scope S_0x556bc00630f0;
T_2 ;
    %pushi/vec4 0, 0, 4;
    %store/vec4 v0x556bc00b5030_0, 0, 4;
    %pushi/vec4 0, 0, 4;
    %store/vec4 v0x556bc00b5110_0, 0, 4;
    %pushi/vec4 15, 0, 4;
    %store/vec4 v0x556bc00b51b0_0, 0, 4;
    %delay 50000, 0;
    %vpi_call 2 21 "$display", "time=%0t op=%d datai_n1=%d data_in2=%d output0=%d ", $time, v0x556bc00b51b0_0, v0x556bc00b5030_0, v0x556bc00b5110_0, v0x556bc00b52b0_0 {0 0 0};
    %end;
    .thread T_2;
    .scope S_0x556bc00630f0;
T_3 ;
    %wait E_0x556bc00a0de0;
    %delay 100000, 0;
    %pushi/vec4 3, 0, 4;
    %store/vec4 v0x556bc00b5030_0, 0, 4;
    %pushi/vec4 2, 0, 4;
    %store/vec4 v0x556bc00b5110_0, 0, 4;
    %pushi/vec4 3, 0, 4;
    %store/vec4 v0x556bc00b51b0_0, 0, 4;
    %delay 200000, 0;
    %vpi_call 2 31 "$display", "time=%0t op=%d datai_n1=%d data_in2=%d output1=%d ", $time, v0x556bc00b51b0_0, v0x556bc00b5030_0, v0x556bc00b5110_0, v0x556bc00b52b0_0 {0 0 0};
    %pushi/vec4 3, 0, 4;
    %store/vec4 v0x556bc00b5030_0, 0, 4;
    %pushi/vec4 2, 0, 4;
    %store/vec4 v0x556bc00b5110_0, 0, 4;
    %pushi/vec4 4, 0, 4;
    %store/vec4 v0x556bc00b51b0_0, 0, 4;
    %delay 300000, 0;
    %vpi_call 2 36 "$display", "time=%0t op=%d data_in1=%d data_in2=%d output2=%d ", $time, v0x556bc00b51b0_0, v0x556bc00b5030_0, v0x556bc00b5110_0, v0x556bc00b52b0_0 {0 0 0};
    %pushi/vec4 3, 0, 4;
    %store/vec4 v0x556bc00b5030_0, 0, 4;
    %pushi/vec4 2, 0, 4;
    %store/vec4 v0x556bc00b5110_0, 0, 4;
    %pushi/vec4 5, 0, 4;
    %store/vec4 v0x556bc00b51b0_0, 0, 4;
    %delay 400000, 0;
    %vpi_call 2 41 "$display", "time=%0t op=%d data_in1=%d data_in2=%d output3=%d ", $time, v0x556bc00b51b0_0, v0x556bc00b5030_0, v0x556bc00b5110_0, v0x556bc00b52b0_0 {0 0 0};
    %vpi_call 2 42 "$finish" {0 0 0};
    %jmp T_3;
    .thread T_3, $push;
# The file index is used to find the file name in the following table.
:file_names 4;
    "N/A";
    "<interactive>";
    "alutest.v";
    "alu.v";
