#! /usr/bin/vvp
:ivl_version "11.0 (stable)";
:ivl_delay_selection "TYPICAL";
:vpi_time_precision + 0;
:vpi_module "/usr/lib/x86_64-linux-gnu/ivl/system.vpi";
:vpi_module "/usr/lib/x86_64-linux-gnu/ivl/vhdl_sys.vpi";
:vpi_module "/usr/lib/x86_64-linux-gnu/ivl/vhdl_textio.vpi";
:vpi_module "/usr/lib/x86_64-linux-gnu/ivl/v2005_math.vpi";
:vpi_module "/usr/lib/x86_64-linux-gnu/ivl/va_math.vpi";
S_0x5638ee083310 .scope module, "tbctr" "tbctr" 2 1;
 .timescale 0 0;
v0x5638ee0a4860_0 .var "c_out", 0 0;
v0x5638ee0a4920_0 .var "clk", 0 0;
v0x5638ee0a49f0_0 .net "data_bit", 0 0, v0x5638ee0a3c90_0;  1 drivers
v0x5638ee0a4af0_0 .net "done", 0 0, v0x5638ee0a3d30_0;  1 drivers
v0x5638ee0a4bc0_0 .net "enable", 0 0, v0x5638ee0a3df0_0;  1 drivers
v0x5638ee0a4c60_0 .net "pr_res_adr", 0 0, v0x5638ee0a3fe0_0;  1 drivers
v0x5638ee0a4d30_0 .net "read_en", 0 0, v0x5638ee0a40a0_0;  1 drivers
v0x5638ee0a4e00_0 .var "rst", 0 0;
v0x5638ee0a4ed0_0 .net "rst_adr", 0 0, v0x5638ee0a4220_0;  1 drivers
v0x5638ee0a4fa0_0 .var "start", 0 0;
v0x5638ee0a5070_0 .net "status", 0 0, v0x5638ee0a4480_0;  1 drivers
v0x5638ee0a5140_0 .net "up_down", 0 0, v0x5638ee0a4540_0;  1 drivers
v0x5638ee0a5210_0 .net "wr_en", 0 0, v0x5638ee0a4600_0;  1 drivers
S_0x5638ee0834a0 .scope module, "ctrl" "control" 2 10, 3 1 0, S_0x5638ee083310;
 .timescale 0 0;
    .port_info 0 /INPUT 1 "clk";
    .port_info 1 /INPUT 1 "rst";
    .port_info 2 /INPUT 1 "start";
    .port_info 3 /INPUT 1 "c_out";
    .port_info 4 /OUTPUT 1 "status";
    .port_info 5 /OUTPUT 1 "done";
    .port_info 6 /OUTPUT 1 "wr_en";
    .port_info 7 /OUTPUT 1 "read_en";
    .port_info 8 /OUTPUT 1 "rst_adr";
    .port_info 9 /OUTPUT 1 "pr_res_adr";
    .port_info 10 /OUTPUT 1 "enable";
    .port_info 11 /OUTPUT 1 "up_down";
    .port_info 12 /OUTPUT 1 "data_bit";
P_0x5638ee03b0f0 .param/l "read_down" 1 3 8, C4<011>;
P_0x5638ee03b130 .param/l "read_up" 1 3 10, C4<101>;
P_0x5638ee03b170 .param/l "standby" 1 3 6, C4<001>;
P_0x5638ee03b1b0 .param/l "wr_down" 1 3 9, C4<100>;
P_0x5638ee03b1f0 .param/l "wr_up" 1 3 7, C4<010>;
v0x5638ee06ca80_0 .net "c_out", 0 0, v0x5638ee0a4860_0;  1 drivers
v0x5638ee0a3bd0_0 .net "clk", 0 0, v0x5638ee0a4920_0;  1 drivers
v0x5638ee0a3c90_0 .var "data_bit", 0 0;
v0x5638ee0a3d30_0 .var "done", 0 0;
v0x5638ee0a3df0_0 .var "enable", 0 0;
v0x5638ee0a3f00_0 .var "next_state", 2 0;
v0x5638ee0a3fe0_0 .var "pr_res_adr", 0 0;
v0x5638ee0a40a0_0 .var "read_en", 0 0;
v0x5638ee0a4160_0 .net "rst", 0 0, v0x5638ee0a4e00_0;  1 drivers
v0x5638ee0a4220_0 .var "rst_adr", 0 0;
v0x5638ee0a42e0_0 .net "start", 0 0, v0x5638ee0a4fa0_0;  1 drivers
v0x5638ee0a43a0_0 .var "state", 2 0;
v0x5638ee0a4480_0 .var "status", 0 0;
v0x5638ee0a4540_0 .var "up_down", 0 0;
v0x5638ee0a4600_0 .var "wr_en", 0 0;
E_0x5638ee075440 .event edge, v0x5638ee0a43a0_0, v0x5638ee0a42e0_0, v0x5638ee06ca80_0;
E_0x5638ee074d60 .event posedge, v0x5638ee0a3bd0_0;
    .scope S_0x5638ee0834a0;
T_0 ;
    %wait E_0x5638ee074d60;
    %load/vec4 v0x5638ee0a4160_0;
    %flag_set/vec4 8;
    %jmp/0xz  T_0.0, 8;
    %pushi/vec4 1, 0, 3;
    %assign/vec4 v0x5638ee0a43a0_0, 0;
    %pushi/vec4 0, 0, 1;
    %assign/vec4 v0x5638ee0a4600_0, 0;
    %pushi/vec4 0, 0, 1;
    %assign/vec4 v0x5638ee0a40a0_0, 0;
    %pushi/vec4 0, 0, 1;
    %assign/vec4 v0x5638ee0a4220_0, 0;
    %pushi/vec4 0, 0, 1;
    %assign/vec4 v0x5638ee0a3fe0_0, 0;
    %pushi/vec4 0, 0, 1;
    %assign/vec4 v0x5638ee0a3df0_0, 0;
    %pushi/vec4 0, 0, 1;
    %assign/vec4 v0x5638ee0a4540_0, 0;
    %pushi/vec4 0, 0, 1;
    %assign/vec4 v0x5638ee0a3c90_0, 0;
    %jmp T_0.1;
T_0.0 ;
    %load/vec4 v0x5638ee0a3f00_0;
    %assign/vec4 v0x5638ee0a43a0_0, 0;
T_0.1 ;
    %jmp T_0;
    .thread T_0;
    .scope S_0x5638ee0834a0;
T_1 ;
    %wait E_0x5638ee075440;
    %load/vec4 v0x5638ee0a43a0_0;
    %dup/vec4;
    %pushi/vec4 1, 0, 3;
    %cmp/u;
    %jmp/1 T_1.0, 6;
    %dup/vec4;
    %pushi/vec4 2, 0, 3;
    %cmp/u;
    %jmp/1 T_1.1, 6;
    %dup/vec4;
    %pushi/vec4 3, 0, 3;
    %cmp/u;
    %jmp/1 T_1.2, 6;
    %dup/vec4;
    %pushi/vec4 4, 0, 3;
    %cmp/u;
    %jmp/1 T_1.3, 6;
    %dup/vec4;
    %pushi/vec4 5, 0, 3;
    %cmp/u;
    %jmp/1 T_1.4, 6;
    %pushi/vec4 1, 0, 3;
    %store/vec4 v0x5638ee0a43a0_0, 0, 3;
    %jmp T_1.6;
T_1.0 ;
    %load/vec4 v0x5638ee0a42e0_0;
    %flag_set/vec4 8;
    %jmp/0xz  T_1.7, 8;
    %pushi/vec4 1, 0, 1;
    %store/vec4 v0x5638ee0a3df0_0, 0, 1;
    %pushi/vec4 1, 0, 1;
    %store/vec4 v0x5638ee0a4220_0, 0, 1;
    %pushi/vec4 0, 0, 1;
    %store/vec4 v0x5638ee0a3fe0_0, 0, 1;
    %pushi/vec4 0, 0, 1;
    %store/vec4 v0x5638ee0a40a0_0, 0, 1;
    %pushi/vec4 1, 0, 1;
    %store/vec4 v0x5638ee0a4600_0, 0, 1;
    %pushi/vec4 1, 0, 1;
    %store/vec4 v0x5638ee0a4540_0, 0, 1;
    %pushi/vec4 0, 0, 1;
    %store/vec4 v0x5638ee0a3c90_0, 0, 1;
    %pushi/vec4 2, 0, 3;
    %store/vec4 v0x5638ee0a3f00_0, 0, 3;
    %jmp T_1.8;
T_1.7 ;
    %pushi/vec4 0, 0, 1;
    %store/vec4 v0x5638ee0a3df0_0, 0, 1;
    %pushi/vec4 0, 0, 1;
    %store/vec4 v0x5638ee0a4220_0, 0, 1;
    %pushi/vec4 0, 0, 1;
    %store/vec4 v0x5638ee0a3fe0_0, 0, 1;
    %pushi/vec4 0, 0, 1;
    %store/vec4 v0x5638ee0a40a0_0, 0, 1;
    %pushi/vec4 0, 0, 1;
    %store/vec4 v0x5638ee0a4600_0, 0, 1;
    %pushi/vec4 0, 0, 1;
    %store/vec4 v0x5638ee0a4540_0, 0, 1;
    %pushi/vec4 0, 0, 1;
    %store/vec4 v0x5638ee0a3c90_0, 0, 1;
T_1.8 ;
    %jmp T_1.6;
T_1.1 ;
    %load/vec4 v0x5638ee06ca80_0;
    %flag_set/vec4 8;
    %jmp/0xz  T_1.9, 8;
    %pushi/vec4 1, 0, 1;
    %store/vec4 v0x5638ee0a3df0_0, 0, 1;
    %pushi/vec4 0, 0, 1;
    %store/vec4 v0x5638ee0a4220_0, 0, 1;
    %pushi/vec4 1, 0, 1;
    %store/vec4 v0x5638ee0a3fe0_0, 0, 1;
    %pushi/vec4 1, 0, 1;
    %store/vec4 v0x5638ee0a40a0_0, 0, 1;
    %pushi/vec4 0, 0, 1;
    %store/vec4 v0x5638ee0a4600_0, 0, 1;
    %pushi/vec4 0, 0, 1;
    %store/vec4 v0x5638ee0a4540_0, 0, 1;
    %pushi/vec4 0, 0, 1;
    %store/vec4 v0x5638ee0a3c90_0, 0, 1;
    %pushi/vec4 3, 0, 3;
    %store/vec4 v0x5638ee0a3f00_0, 0, 3;
    %jmp T_1.10;
T_1.9 ;
    %pushi/vec4 1, 0, 1;
    %store/vec4 v0x5638ee0a3df0_0, 0, 1;
    %pushi/vec4 0, 0, 1;
    %store/vec4 v0x5638ee0a4220_0, 0, 1;
    %pushi/vec4 0, 0, 1;
    %store/vec4 v0x5638ee0a3fe0_0, 0, 1;
    %pushi/vec4 0, 0, 1;
    %store/vec4 v0x5638ee0a40a0_0, 0, 1;
    %pushi/vec4 1, 0, 1;
    %store/vec4 v0x5638ee0a4600_0, 0, 1;
    %pushi/vec4 1, 0, 1;
    %store/vec4 v0x5638ee0a4540_0, 0, 1;
    %pushi/vec4 0, 0, 1;
    %store/vec4 v0x5638ee0a3c90_0, 0, 1;
T_1.10 ;
    %jmp T_1.6;
T_1.2 ;
    %load/vec4 v0x5638ee06ca80_0;
    %flag_set/vec4 8;
    %jmp/0xz  T_1.11, 8;
    %pushi/vec4 1, 0, 1;
    %store/vec4 v0x5638ee0a3df0_0, 0, 1;
    %pushi/vec4 0, 0, 1;
    %store/vec4 v0x5638ee0a4220_0, 0, 1;
    %pushi/vec4 1, 0, 1;
    %store/vec4 v0x5638ee0a3fe0_0, 0, 1;
    %pushi/vec4 0, 0, 1;
    %store/vec4 v0x5638ee0a40a0_0, 0, 1;
    %pushi/vec4 1, 0, 1;
    %store/vec4 v0x5638ee0a4600_0, 0, 1;
    %pushi/vec4 0, 0, 1;
    %store/vec4 v0x5638ee0a4540_0, 0, 1;
    %pushi/vec4 1, 0, 1;
    %store/vec4 v0x5638ee0a3c90_0, 0, 1;
    %pushi/vec4 4, 0, 3;
    %store/vec4 v0x5638ee0a3f00_0, 0, 3;
    %jmp T_1.12;
T_1.11 ;
    %pushi/vec4 1, 0, 1;
    %store/vec4 v0x5638ee0a3df0_0, 0, 1;
    %pushi/vec4 0, 0, 1;
    %store/vec4 v0x5638ee0a4220_0, 0, 1;
    %pushi/vec4 0, 0, 1;
    %store/vec4 v0x5638ee0a3fe0_0, 0, 1;
    %pushi/vec4 1, 0, 1;
    %store/vec4 v0x5638ee0a40a0_0, 0, 1;
    %pushi/vec4 0, 0, 1;
    %store/vec4 v0x5638ee0a4600_0, 0, 1;
    %pushi/vec4 0, 0, 1;
    %store/vec4 v0x5638ee0a4540_0, 0, 1;
    %pushi/vec4 0, 0, 1;
    %store/vec4 v0x5638ee0a3c90_0, 0, 1;
T_1.12 ;
    %jmp T_1.6;
T_1.3 ;
    %load/vec4 v0x5638ee06ca80_0;
    %flag_set/vec4 8;
    %jmp/0xz  T_1.13, 8;
    %pushi/vec4 1, 0, 1;
    %store/vec4 v0x5638ee0a3df0_0, 0, 1;
    %pushi/vec4 1, 0, 1;
    %store/vec4 v0x5638ee0a4220_0, 0, 1;
    %pushi/vec4 0, 0, 1;
    %store/vec4 v0x5638ee0a3fe0_0, 0, 1;
    %pushi/vec4 1, 0, 1;
    %store/vec4 v0x5638ee0a40a0_0, 0, 1;
    %pushi/vec4 0, 0, 1;
    %store/vec4 v0x5638ee0a4600_0, 0, 1;
    %pushi/vec4 1, 0, 1;
    %store/vec4 v0x5638ee0a4540_0, 0, 1;
    %pushi/vec4 1, 0, 1;
    %store/vec4 v0x5638ee0a3c90_0, 0, 1;
    %pushi/vec4 5, 0, 3;
    %store/vec4 v0x5638ee0a3f00_0, 0, 3;
    %jmp T_1.14;
T_1.13 ;
    %pushi/vec4 1, 0, 1;
    %store/vec4 v0x5638ee0a3df0_0, 0, 1;
    %pushi/vec4 0, 0, 1;
    %store/vec4 v0x5638ee0a4220_0, 0, 1;
    %pushi/vec4 0, 0, 1;
    %store/vec4 v0x5638ee0a3fe0_0, 0, 1;
    %pushi/vec4 0, 0, 1;
    %store/vec4 v0x5638ee0a40a0_0, 0, 1;
    %pushi/vec4 1, 0, 1;
    %store/vec4 v0x5638ee0a4600_0, 0, 1;
    %pushi/vec4 0, 0, 1;
    %store/vec4 v0x5638ee0a4540_0, 0, 1;
    %pushi/vec4 1, 0, 1;
    %store/vec4 v0x5638ee0a3c90_0, 0, 1;
T_1.14 ;
    %jmp T_1.6;
T_1.4 ;
    %load/vec4 v0x5638ee06ca80_0;
    %flag_set/vec4 8;
    %jmp/0xz  T_1.15, 8;
    %pushi/vec4 1, 0, 3;
    %store/vec4 v0x5638ee0a3f00_0, 0, 3;
    %jmp T_1.16;
T_1.15 ;
    %pushi/vec4 1, 0, 1;
    %store/vec4 v0x5638ee0a3df0_0, 0, 1;
    %pushi/vec4 0, 0, 1;
    %store/vec4 v0x5638ee0a4220_0, 0, 1;
    %pushi/vec4 0, 0, 1;
    %store/vec4 v0x5638ee0a3fe0_0, 0, 1;
    %pushi/vec4 1, 0, 1;
    %store/vec4 v0x5638ee0a40a0_0, 0, 1;
    %pushi/vec4 0, 0, 1;
    %store/vec4 v0x5638ee0a4600_0, 0, 1;
    %pushi/vec4 1, 0, 1;
    %store/vec4 v0x5638ee0a4540_0, 0, 1;
    %pushi/vec4 1, 0, 1;
    %store/vec4 v0x5638ee0a3c90_0, 0, 1;
T_1.16 ;
    %jmp T_1.6;
T_1.6 ;
    %pop/vec4 1;
    %jmp T_1;
    .thread T_1, $push;
    .scope S_0x5638ee083310;
T_2 ;
    %delay 1, 0;
    %load/vec4 v0x5638ee0a4920_0;
    %inv;
    %store/vec4 v0x5638ee0a4920_0, 0, 1;
    %jmp T_2;
    .thread T_2;
    .scope S_0x5638ee083310;
T_3 ;
    %pushi/vec4 0, 0, 1;
    %store/vec4 v0x5638ee0a4920_0, 0, 1;
    %vpi_call 2 15 "$dumpfile", "mem.vcd" {0 0 0};
    %vpi_call 2 16 "$dumpvars" {0 0 0};
    %end;
    .thread T_3;
    .scope S_0x5638ee083310;
T_4 ;
    %pushi/vec4 0, 0, 1;
    %store/vec4 v0x5638ee0a4e00_0, 0, 1;
    %pushi/vec4 0, 0, 1;
    %store/vec4 v0x5638ee0a4fa0_0, 0, 1;
    %pushi/vec4 0, 0, 1;
    %store/vec4 v0x5638ee0a4860_0, 0, 1;
    %delay 20, 0;
    %pushi/vec4 1, 0, 1;
    %store/vec4 v0x5638ee0a4e00_0, 0, 1;
    %pushi/vec4 0, 0, 1;
    %store/vec4 v0x5638ee0a4fa0_0, 0, 1;
    %pushi/vec4 0, 0, 1;
    %store/vec4 v0x5638ee0a4860_0, 0, 1;
    %delay 2, 0;
    %pushi/vec4 0, 0, 1;
    %store/vec4 v0x5638ee0a4e00_0, 0, 1;
    %pushi/vec4 0, 0, 1;
    %store/vec4 v0x5638ee0a4fa0_0, 0, 1;
    %pushi/vec4 0, 0, 1;
    %store/vec4 v0x5638ee0a4860_0, 0, 1;
    %delay 200, 0;
    %pushi/vec4 0, 0, 1;
    %store/vec4 v0x5638ee0a4e00_0, 0, 1;
    %pushi/vec4 1, 0, 1;
    %store/vec4 v0x5638ee0a4fa0_0, 0, 1;
    %pushi/vec4 0, 0, 1;
    %store/vec4 v0x5638ee0a4860_0, 0, 1;
    %delay 1, 0;
    %pushi/vec4 0, 0, 1;
    %store/vec4 v0x5638ee0a4fa0_0, 0, 1;
    %delay 210, 0;
    %pushi/vec4 0, 0, 1;
    %store/vec4 v0x5638ee0a4e00_0, 0, 1;
    %pushi/vec4 0, 0, 1;
    %store/vec4 v0x5638ee0a4fa0_0, 0, 1;
    %pushi/vec4 1, 0, 1;
    %store/vec4 v0x5638ee0a4860_0, 0, 1;
    %delay 1, 0;
    %pushi/vec4 0, 0, 1;
    %store/vec4 v0x5638ee0a4860_0, 0, 1;
    %delay 210, 0;
    %pushi/vec4 0, 0, 1;
    %store/vec4 v0x5638ee0a4e00_0, 0, 1;
    %pushi/vec4 0, 0, 1;
    %store/vec4 v0x5638ee0a4fa0_0, 0, 1;
    %pushi/vec4 1, 0, 1;
    %store/vec4 v0x5638ee0a4860_0, 0, 1;
    %delay 1, 0;
    %pushi/vec4 0, 0, 1;
    %store/vec4 v0x5638ee0a4860_0, 0, 1;
    %delay 210, 0;
    %pushi/vec4 0, 0, 1;
    %store/vec4 v0x5638ee0a4e00_0, 0, 1;
    %pushi/vec4 0, 0, 1;
    %store/vec4 v0x5638ee0a4fa0_0, 0, 1;
    %pushi/vec4 1, 0, 1;
    %store/vec4 v0x5638ee0a4860_0, 0, 1;
    %delay 1, 0;
    %pushi/vec4 0, 0, 1;
    %store/vec4 v0x5638ee0a4860_0, 0, 1;
    %delay 210, 0;
    %pushi/vec4 0, 0, 1;
    %store/vec4 v0x5638ee0a4e00_0, 0, 1;
    %pushi/vec4 0, 0, 1;
    %store/vec4 v0x5638ee0a4fa0_0, 0, 1;
    %pushi/vec4 1, 0, 1;
    %store/vec4 v0x5638ee0a4860_0, 0, 1;
    %delay 1, 0;
    %pushi/vec4 0, 0, 1;
    %store/vec4 v0x5638ee0a4860_0, 0, 1;
    %delay 210, 0;
    %pushi/vec4 0, 0, 1;
    %store/vec4 v0x5638ee0a4e00_0, 0, 1;
    %pushi/vec4 0, 0, 1;
    %store/vec4 v0x5638ee0a4fa0_0, 0, 1;
    %pushi/vec4 1, 0, 1;
    %store/vec4 v0x5638ee0a4860_0, 0, 1;
    %delay 1, 0;
    %pushi/vec4 0, 0, 1;
    %store/vec4 v0x5638ee0a4860_0, 0, 1;
    %delay 20, 0;
    %vpi_call 2 68 "$finish" {0 0 0};
    %end;
    .thread T_4;
# The file index is used to find the file name in the following table.
:file_names 4;
    "N/A";
    "<interactive>";
    "tbcntrl.v";
    "controller.v";
