#! /usr/bin/vvp
:ivl_version "11.0 (stable)";
:ivl_delay_selection "TYPICAL";
:vpi_time_precision + 0;
:vpi_module "/usr/lib/x86_64-linux-gnu/ivl/system.vpi";
:vpi_module "/usr/lib/x86_64-linux-gnu/ivl/vhdl_sys.vpi";
:vpi_module "/usr/lib/x86_64-linux-gnu/ivl/vhdl_textio.vpi";
:vpi_module "/usr/lib/x86_64-linux-gnu/ivl/v2005_math.vpi";
:vpi_module "/usr/lib/x86_64-linux-gnu/ivl/va_math.vpi";
S_0x55f5f068fdf0 .scope module, "dec_tb" "dec_tb" 2 1;
 .timescale 0 0;
v0x55f5f06fef00_0 .var "data_h_in", 14 0;
v0x55f5f06fefc0_0 .net "data_out", 14 0, v0x55f5f06fece0_0;  1 drivers
S_0x55f5f068ff80 .scope module, "dec" "decod" 2 6, 3 1 0, S_0x55f5f068fdf0;
 .timescale 0 0;
    .port_info 0 /INPUT 15 "data_h_in";
    .port_info 1 /OUTPUT 15 "data_out";
L_0x55f5f06ff200 .functor XOR 1, L_0x55f5f06ff090, L_0x55f5f06ff160, C4<0>, C4<0>;
L_0x55f5f06ff3e0 .functor XOR 1, L_0x55f5f06ff200, L_0x55f5f06ff340, C4<0>, C4<0>;
L_0x55f5f06ff570 .functor XOR 1, L_0x55f5f06ff3e0, L_0x55f5f06ff4a0, C4<0>, C4<0>;
L_0x55f5f06ff720 .functor XOR 1, L_0x55f5f06ff570, L_0x55f5f06ff680, C4<0>, C4<0>;
L_0x55f5f06ff940 .functor XOR 1, L_0x55f5f06ff720, L_0x55f5f06ff860, C4<0>, C4<0>;
L_0x55f5f06ffaf0 .functor XOR 1, L_0x55f5f06ff940, L_0x55f5f06ffa50, C4<0>, C4<0>;
L_0x55f5f06ffd30 .functor XOR 1, L_0x55f5f06ffaf0, L_0x55f5f06ffc40, C4<0>, C4<0>;
L_0x55f5f06fffe0 .functor XOR 1, L_0x55f5f06ffe40, L_0x55f5f06ffee0, C4<0>, C4<0>;
L_0x55f5f0700190 .functor XOR 1, L_0x55f5f06fffe0, L_0x55f5f07000f0, C4<0>, C4<0>;
L_0x55f5f07003b0 .functor XOR 1, L_0x55f5f0700190, L_0x55f5f07002a0, C4<0>, C4<0>;
L_0x55f5f07005c0 .functor XOR 1, L_0x55f5f07003b0, L_0x55f5f0700520, C4<0>, C4<0>;
L_0x55f5f0700340 .functor XOR 1, L_0x55f5f07005c0, L_0x55f5f0700680, C4<0>, C4<0>;
L_0x55f5f0700b60 .functor XOR 1, L_0x55f5f0700340, L_0x55f5f07008b0, C4<0>, C4<0>;
L_0x55f5f0700da0 .functor XOR 1, L_0x55f5f0700b60, L_0x55f5f0700c70, C4<0>, C4<0>;
L_0x55f5f0700840 .functor XOR 1, L_0x55f5f0700f30, L_0x55f5f0700fd0, C4<0>, C4<0>;
L_0x55f5f0701250 .functor XOR 1, L_0x55f5f0700840, L_0x55f5f07011b0, C4<0>, C4<0>;
L_0x55f5f0701540 .functor XOR 1, L_0x55f5f0701250, L_0x55f5f07013f0, C4<0>, C4<0>;
L_0x55f5f0701650 .functor XOR 1, L_0x55f5f0701540, L_0x55f5f0701070, C4<0>, C4<0>;
L_0x55f5f0701960 .functor XOR 1, L_0x55f5f0701650, L_0x55f5f0701800, C4<0>, C4<0>;
L_0x55f5f0701b10 .functor XOR 1, L_0x55f5f0701960, L_0x55f5f0701a70, C4<0>, C4<0>;
L_0x55f5f0701da0 .functor XOR 1, L_0x55f5f0701b10, L_0x55f5f0701760, C4<0>, C4<0>;
L_0x55f5f0702260 .functor XOR 1, L_0x55f5f0702040, L_0x55f5f07021c0, C4<0>, C4<0>;
L_0x55f5f07025f0 .functor XOR 1, L_0x55f5f0702260, L_0x55f5f0702460, C4<0>, C4<0>;
L_0x55f5f07027a0 .functor XOR 1, L_0x55f5f07025f0, L_0x55f5f0702700, C4<0>, C4<0>;
L_0x55f5f0702b20 .functor XOR 1, L_0x55f5f07027a0, L_0x55f5f0702980, C4<0>, C4<0>;
L_0x55f5f0702cd0 .functor XOR 1, L_0x55f5f0702b20, L_0x55f5f0702c30, C4<0>, C4<0>;
L_0x55f5f0703480 .functor XOR 1, L_0x55f5f0702cd0, L_0x55f5f0702ec0, C4<0>, C4<0>;
L_0x55f5f0703630 .functor XOR 1, L_0x55f5f0703480, L_0x55f5f0703590, C4<0>, C4<0>;
v0x55f5f06d42f0_0 .net *"_ivl_10", 0 0, L_0x55f5f06ff3e0;  1 drivers
v0x55f5f06fb620_0 .net *"_ivl_100", 0 0, L_0x55f5f0702040;  1 drivers
v0x55f5f06fb700_0 .net *"_ivl_102", 0 0, L_0x55f5f07021c0;  1 drivers
v0x55f5f06fb7c0_0 .net *"_ivl_103", 0 0, L_0x55f5f0702260;  1 drivers
v0x55f5f06fb8a0_0 .net *"_ivl_106", 0 0, L_0x55f5f0702460;  1 drivers
v0x55f5f06fb9d0_0 .net *"_ivl_107", 0 0, L_0x55f5f07025f0;  1 drivers
v0x55f5f06fbab0_0 .net *"_ivl_110", 0 0, L_0x55f5f0702700;  1 drivers
v0x55f5f06fbb90_0 .net *"_ivl_111", 0 0, L_0x55f5f07027a0;  1 drivers
v0x55f5f06fbc70_0 .net *"_ivl_114", 0 0, L_0x55f5f0702980;  1 drivers
v0x55f5f06fbd50_0 .net *"_ivl_115", 0 0, L_0x55f5f0702b20;  1 drivers
v0x55f5f06fbe30_0 .net *"_ivl_118", 0 0, L_0x55f5f0702c30;  1 drivers
v0x55f5f06fbf10_0 .net *"_ivl_119", 0 0, L_0x55f5f0702cd0;  1 drivers
v0x55f5f06fbff0_0 .net *"_ivl_122", 0 0, L_0x55f5f0702ec0;  1 drivers
v0x55f5f06fc0d0_0 .net *"_ivl_123", 0 0, L_0x55f5f0703480;  1 drivers
v0x55f5f06fc1b0_0 .net *"_ivl_126", 0 0, L_0x55f5f0703590;  1 drivers
v0x55f5f06fc290_0 .net *"_ivl_127", 0 0, L_0x55f5f0703630;  1 drivers
v0x55f5f06fc370_0 .net *"_ivl_13", 0 0, L_0x55f5f06ff4a0;  1 drivers
v0x55f5f06fc450_0 .net *"_ivl_14", 0 0, L_0x55f5f06ff570;  1 drivers
v0x55f5f06fc530_0 .net *"_ivl_17", 0 0, L_0x55f5f06ff680;  1 drivers
v0x55f5f06fc610_0 .net *"_ivl_18", 0 0, L_0x55f5f06ff720;  1 drivers
v0x55f5f06fc6f0_0 .net *"_ivl_21", 0 0, L_0x55f5f06ff860;  1 drivers
v0x55f5f06fc7d0_0 .net *"_ivl_22", 0 0, L_0x55f5f06ff940;  1 drivers
v0x55f5f06fc8b0_0 .net *"_ivl_25", 0 0, L_0x55f5f06ffa50;  1 drivers
v0x55f5f06fc990_0 .net *"_ivl_26", 0 0, L_0x55f5f06ffaf0;  1 drivers
v0x55f5f06fca70_0 .net *"_ivl_29", 0 0, L_0x55f5f06ffc40;  1 drivers
v0x55f5f06fcb50_0 .net *"_ivl_3", 0 0, L_0x55f5f06ff090;  1 drivers
v0x55f5f06fcc30_0 .net *"_ivl_30", 0 0, L_0x55f5f06ffd30;  1 drivers
v0x55f5f06fcd10_0 .net *"_ivl_35", 0 0, L_0x55f5f06ffe40;  1 drivers
v0x55f5f06fcdf0_0 .net *"_ivl_37", 0 0, L_0x55f5f06ffee0;  1 drivers
v0x55f5f06fced0_0 .net *"_ivl_38", 0 0, L_0x55f5f06fffe0;  1 drivers
v0x55f5f06fcfb0_0 .net *"_ivl_41", 0 0, L_0x55f5f07000f0;  1 drivers
v0x55f5f06fd090_0 .net *"_ivl_42", 0 0, L_0x55f5f0700190;  1 drivers
v0x55f5f06fd170_0 .net *"_ivl_45", 0 0, L_0x55f5f07002a0;  1 drivers
v0x55f5f06fd460_0 .net *"_ivl_46", 0 0, L_0x55f5f07003b0;  1 drivers
v0x55f5f06fd540_0 .net *"_ivl_49", 0 0, L_0x55f5f0700520;  1 drivers
v0x55f5f06fd620_0 .net *"_ivl_5", 0 0, L_0x55f5f06ff160;  1 drivers
v0x55f5f06fd700_0 .net *"_ivl_50", 0 0, L_0x55f5f07005c0;  1 drivers
v0x55f5f06fd7e0_0 .net *"_ivl_53", 0 0, L_0x55f5f0700680;  1 drivers
v0x55f5f06fd8c0_0 .net *"_ivl_54", 0 0, L_0x55f5f0700340;  1 drivers
v0x55f5f06fd9a0_0 .net *"_ivl_57", 0 0, L_0x55f5f07008b0;  1 drivers
v0x55f5f06fda80_0 .net *"_ivl_58", 0 0, L_0x55f5f0700b60;  1 drivers
v0x55f5f06fdb60_0 .net *"_ivl_6", 0 0, L_0x55f5f06ff200;  1 drivers
v0x55f5f06fdc40_0 .net *"_ivl_61", 0 0, L_0x55f5f0700c70;  1 drivers
v0x55f5f06fdd20_0 .net *"_ivl_62", 0 0, L_0x55f5f0700da0;  1 drivers
v0x55f5f06fde00_0 .net *"_ivl_67", 0 0, L_0x55f5f0700f30;  1 drivers
v0x55f5f06fdee0_0 .net *"_ivl_69", 0 0, L_0x55f5f0700fd0;  1 drivers
v0x55f5f06fdfc0_0 .net *"_ivl_70", 0 0, L_0x55f5f0700840;  1 drivers
v0x55f5f06fe0a0_0 .net *"_ivl_73", 0 0, L_0x55f5f07011b0;  1 drivers
v0x55f5f06fe180_0 .net *"_ivl_74", 0 0, L_0x55f5f0701250;  1 drivers
v0x55f5f06fe260_0 .net *"_ivl_77", 0 0, L_0x55f5f07013f0;  1 drivers
v0x55f5f06fe340_0 .net *"_ivl_78", 0 0, L_0x55f5f0701540;  1 drivers
v0x55f5f06fe420_0 .net *"_ivl_81", 0 0, L_0x55f5f0701070;  1 drivers
v0x55f5f06fe500_0 .net *"_ivl_82", 0 0, L_0x55f5f0701650;  1 drivers
v0x55f5f06fe5e0_0 .net *"_ivl_85", 0 0, L_0x55f5f0701800;  1 drivers
v0x55f5f06fe6c0_0 .net *"_ivl_86", 0 0, L_0x55f5f0701960;  1 drivers
v0x55f5f06fe7a0_0 .net *"_ivl_89", 0 0, L_0x55f5f0701a70;  1 drivers
v0x55f5f06fe880_0 .net *"_ivl_9", 0 0, L_0x55f5f06ff340;  1 drivers
v0x55f5f06fe960_0 .net *"_ivl_90", 0 0, L_0x55f5f0701b10;  1 drivers
v0x55f5f06fea40_0 .net *"_ivl_93", 0 0, L_0x55f5f0701760;  1 drivers
v0x55f5f06feb20_0 .net *"_ivl_94", 0 0, L_0x55f5f0701da0;  1 drivers
v0x55f5f06fec00_0 .net "data_h_in", 14 0, v0x55f5f06fef00_0;  1 drivers
v0x55f5f06fece0_0 .var "data_out", 14 0;
v0x55f5f06fedc0_0 .net "s", 3 0, L_0x55f5f0701eb0;  1 drivers
E_0x55f5f06d4e00 .event edge, v0x55f5f06fedc0_0, v0x55f5f06fec00_0;
L_0x55f5f06ff090 .part v0x55f5f06fef00_0, 14, 1;
L_0x55f5f06ff160 .part v0x55f5f06fef00_0, 12, 1;
L_0x55f5f06ff340 .part v0x55f5f06fef00_0, 10, 1;
L_0x55f5f06ff4a0 .part v0x55f5f06fef00_0, 8, 1;
L_0x55f5f06ff680 .part v0x55f5f06fef00_0, 6, 1;
L_0x55f5f06ff860 .part v0x55f5f06fef00_0, 4, 1;
L_0x55f5f06ffa50 .part v0x55f5f06fef00_0, 2, 1;
L_0x55f5f06ffc40 .part v0x55f5f06fef00_0, 0, 1;
L_0x55f5f06ffe40 .part v0x55f5f06fef00_0, 13, 1;
L_0x55f5f06ffee0 .part v0x55f5f06fef00_0, 12, 1;
L_0x55f5f07000f0 .part v0x55f5f06fef00_0, 9, 1;
L_0x55f5f07002a0 .part v0x55f5f06fef00_0, 8, 1;
L_0x55f5f0700520 .part v0x55f5f06fef00_0, 5, 1;
L_0x55f5f0700680 .part v0x55f5f06fef00_0, 4, 1;
L_0x55f5f07008b0 .part v0x55f5f06fef00_0, 1, 1;
L_0x55f5f0700c70 .part v0x55f5f06fef00_0, 0, 1;
L_0x55f5f0700f30 .part v0x55f5f06fef00_0, 11, 1;
L_0x55f5f0700fd0 .part v0x55f5f06fef00_0, 10, 1;
L_0x55f5f07011b0 .part v0x55f5f06fef00_0, 9, 1;
L_0x55f5f07013f0 .part v0x55f5f06fef00_0, 8, 1;
L_0x55f5f0701070 .part v0x55f5f06fef00_0, 3, 1;
L_0x55f5f0701800 .part v0x55f5f06fef00_0, 2, 1;
L_0x55f5f0701a70 .part v0x55f5f06fef00_0, 1, 1;
L_0x55f5f0701760 .part v0x55f5f06fef00_0, 0, 1;
L_0x55f5f0701eb0 .concat8 [ 1 1 1 1], L_0x55f5f06ffd30, L_0x55f5f0700da0, L_0x55f5f0701da0, L_0x55f5f0703630;
L_0x55f5f0702040 .part v0x55f5f06fef00_0, 7, 1;
L_0x55f5f07021c0 .part v0x55f5f06fef00_0, 6, 1;
L_0x55f5f0702460 .part v0x55f5f06fef00_0, 5, 1;
L_0x55f5f0702700 .part v0x55f5f06fef00_0, 4, 1;
L_0x55f5f0702980 .part v0x55f5f06fef00_0, 3, 1;
L_0x55f5f0702c30 .part v0x55f5f06fef00_0, 2, 1;
L_0x55f5f0702ec0 .part v0x55f5f06fef00_0, 1, 1;
L_0x55f5f0703590 .part v0x55f5f06fef00_0, 0, 1;
    .scope S_0x55f5f068ff80;
T_0 ;
    %wait E_0x55f5f06d4e00;
    %load/vec4 v0x55f5f06fedc0_0;
    %dup/vec4;
    %pushi/vec4 0, 0, 4;
    %cmp/u;
    %jmp/1 T_0.0, 6;
    %dup/vec4;
    %pushi/vec4 1, 0, 4;
    %cmp/u;
    %jmp/1 T_0.1, 6;
    %dup/vec4;
    %pushi/vec4 2, 0, 4;
    %cmp/u;
    %jmp/1 T_0.2, 6;
    %dup/vec4;
    %pushi/vec4 3, 0, 4;
    %cmp/u;
    %jmp/1 T_0.3, 6;
    %dup/vec4;
    %pushi/vec4 4, 0, 4;
    %cmp/u;
    %jmp/1 T_0.4, 6;
    %dup/vec4;
    %pushi/vec4 5, 0, 4;
    %cmp/u;
    %jmp/1 T_0.5, 6;
    %dup/vec4;
    %pushi/vec4 6, 0, 4;
    %cmp/u;
    %jmp/1 T_0.6, 6;
    %dup/vec4;
    %pushi/vec4 7, 0, 4;
    %cmp/u;
    %jmp/1 T_0.7, 6;
    %dup/vec4;
    %pushi/vec4 8, 0, 4;
    %cmp/u;
    %jmp/1 T_0.8, 6;
    %dup/vec4;
    %pushi/vec4 9, 0, 4;
    %cmp/u;
    %jmp/1 T_0.9, 6;
    %dup/vec4;
    %pushi/vec4 10, 0, 4;
    %cmp/u;
    %jmp/1 T_0.10, 6;
    %dup/vec4;
    %pushi/vec4 11, 0, 4;
    %cmp/u;
    %jmp/1 T_0.11, 6;
    %dup/vec4;
    %pushi/vec4 12, 0, 4;
    %cmp/u;
    %jmp/1 T_0.12, 6;
    %dup/vec4;
    %pushi/vec4 13, 0, 4;
    %cmp/u;
    %jmp/1 T_0.13, 6;
    %dup/vec4;
    %pushi/vec4 14, 0, 4;
    %cmp/u;
    %jmp/1 T_0.14, 6;
    %dup/vec4;
    %pushi/vec4 15, 0, 4;
    %cmp/u;
    %jmp/1 T_0.15, 6;
    %load/vec4 v0x55f5f06fec00_0;
    %store/vec4 v0x55f5f06fece0_0, 0, 15;
    %jmp T_0.17;
T_0.0 ;
    %load/vec4 v0x55f5f06fec00_0;
    %store/vec4 v0x55f5f06fece0_0, 0, 15;
    %jmp T_0.17;
T_0.1 ;
    %load/vec4 v0x55f5f06fec00_0;
    %parti/s 1, 14, 5;
    %inv;
    %load/vec4 v0x55f5f06fec00_0;
    %parti/s 14, 0, 2;
    %concat/vec4; draw_concat_vec4
    %store/vec4 v0x55f5f06fece0_0, 0, 15;
    %jmp T_0.17;
T_0.2 ;
    %load/vec4 v0x55f5f06fec00_0;
    %parti/s 1, 14, 5;
    %load/vec4 v0x55f5f06fec00_0;
    %parti/s 1, 13, 5;
    %inv;
    %concat/vec4; draw_concat_vec4
    %load/vec4 v0x55f5f06fec00_0;
    %parti/s 13, 0, 2;
    %concat/vec4; draw_concat_vec4
    %store/vec4 v0x55f5f06fece0_0, 0, 15;
    %jmp T_0.17;
T_0.3 ;
    %load/vec4 v0x55f5f06fec00_0;
    %parti/s 2, 13, 5;
    %load/vec4 v0x55f5f06fec00_0;
    %parti/s 1, 12, 5;
    %inv;
    %concat/vec4; draw_concat_vec4
    %load/vec4 v0x55f5f06fec00_0;
    %parti/s 12, 0, 2;
    %concat/vec4; draw_concat_vec4
    %store/vec4 v0x55f5f06fece0_0, 0, 15;
    %jmp T_0.17;
T_0.4 ;
    %load/vec4 v0x55f5f06fec00_0;
    %parti/s 3, 12, 5;
    %load/vec4 v0x55f5f06fec00_0;
    %parti/s 1, 11, 5;
    %inv;
    %concat/vec4; draw_concat_vec4
    %load/vec4 v0x55f5f06fec00_0;
    %parti/s 11, 0, 2;
    %concat/vec4; draw_concat_vec4
    %store/vec4 v0x55f5f06fece0_0, 0, 15;
    %jmp T_0.17;
T_0.5 ;
    %load/vec4 v0x55f5f06fec00_0;
    %parti/s 4, 11, 5;
    %load/vec4 v0x55f5f06fec00_0;
    %parti/s 1, 10, 5;
    %inv;
    %concat/vec4; draw_concat_vec4
    %load/vec4 v0x55f5f06fec00_0;
    %parti/s 10, 0, 2;
    %concat/vec4; draw_concat_vec4
    %store/vec4 v0x55f5f06fece0_0, 0, 15;
    %jmp T_0.17;
T_0.6 ;
    %load/vec4 v0x55f5f06fec00_0;
    %parti/s 5, 10, 5;
    %load/vec4 v0x55f5f06fec00_0;
    %parti/s 1, 9, 5;
    %inv;
    %concat/vec4; draw_concat_vec4
    %load/vec4 v0x55f5f06fec00_0;
    %parti/s 9, 0, 2;
    %concat/vec4; draw_concat_vec4
    %store/vec4 v0x55f5f06fece0_0, 0, 15;
    %jmp T_0.17;
T_0.7 ;
    %load/vec4 v0x55f5f06fec00_0;
    %parti/s 6, 9, 5;
    %load/vec4 v0x55f5f06fec00_0;
    %parti/s 1, 8, 5;
    %inv;
    %concat/vec4; draw_concat_vec4
    %load/vec4 v0x55f5f06fec00_0;
    %parti/s 8, 0, 2;
    %concat/vec4; draw_concat_vec4
    %store/vec4 v0x55f5f06fece0_0, 0, 15;
    %jmp T_0.17;
T_0.8 ;
    %load/vec4 v0x55f5f06fec00_0;
    %parti/s 7, 8, 5;
    %load/vec4 v0x55f5f06fec00_0;
    %parti/s 1, 7, 4;
    %inv;
    %concat/vec4; draw_concat_vec4
    %load/vec4 v0x55f5f06fec00_0;
    %parti/s 7, 0, 2;
    %concat/vec4; draw_concat_vec4
    %store/vec4 v0x55f5f06fece0_0, 0, 15;
    %jmp T_0.17;
T_0.9 ;
    %load/vec4 v0x55f5f06fec00_0;
    %parti/s 8, 7, 4;
    %load/vec4 v0x55f5f06fec00_0;
    %parti/s 1, 6, 4;
    %inv;
    %concat/vec4; draw_concat_vec4
    %load/vec4 v0x55f5f06fec00_0;
    %parti/s 6, 0, 2;
    %concat/vec4; draw_concat_vec4
    %store/vec4 v0x55f5f06fece0_0, 0, 15;
    %jmp T_0.17;
T_0.10 ;
    %load/vec4 v0x55f5f06fec00_0;
    %parti/s 9, 6, 4;
    %load/vec4 v0x55f5f06fec00_0;
    %parti/s 1, 5, 4;
    %inv;
    %concat/vec4; draw_concat_vec4
    %load/vec4 v0x55f5f06fec00_0;
    %parti/s 5, 0, 2;
    %concat/vec4; draw_concat_vec4
    %store/vec4 v0x55f5f06fece0_0, 0, 15;
    %jmp T_0.17;
T_0.11 ;
    %load/vec4 v0x55f5f06fec00_0;
    %parti/s 10, 5, 4;
    %load/vec4 v0x55f5f06fec00_0;
    %parti/s 1, 4, 4;
    %inv;
    %concat/vec4; draw_concat_vec4
    %load/vec4 v0x55f5f06fec00_0;
    %parti/s 4, 0, 2;
    %concat/vec4; draw_concat_vec4
    %store/vec4 v0x55f5f06fece0_0, 0, 15;
    %jmp T_0.17;
T_0.12 ;
    %load/vec4 v0x55f5f06fec00_0;
    %parti/s 11, 4, 4;
    %load/vec4 v0x55f5f06fec00_0;
    %parti/s 1, 3, 3;
    %inv;
    %concat/vec4; draw_concat_vec4
    %load/vec4 v0x55f5f06fec00_0;
    %parti/s 3, 0, 2;
    %concat/vec4; draw_concat_vec4
    %store/vec4 v0x55f5f06fece0_0, 0, 15;
    %jmp T_0.17;
T_0.13 ;
    %load/vec4 v0x55f5f06fec00_0;
    %parti/s 12, 3, 3;
    %load/vec4 v0x55f5f06fec00_0;
    %parti/s 1, 2, 3;
    %inv;
    %concat/vec4; draw_concat_vec4
    %load/vec4 v0x55f5f06fec00_0;
    %parti/s 2, 0, 2;
    %concat/vec4; draw_concat_vec4
    %store/vec4 v0x55f5f06fece0_0, 0, 15;
    %jmp T_0.17;
T_0.14 ;
    %load/vec4 v0x55f5f06fec00_0;
    %parti/s 13, 2, 3;
    %load/vec4 v0x55f5f06fec00_0;
    %parti/s 1, 1, 2;
    %inv;
    %concat/vec4; draw_concat_vec4
    %load/vec4 v0x55f5f06fec00_0;
    %parti/s 1, 0, 2;
    %concat/vec4; draw_concat_vec4
    %store/vec4 v0x55f5f06fece0_0, 0, 15;
    %jmp T_0.17;
T_0.15 ;
    %load/vec4 v0x55f5f06fec00_0;
    %parti/s 14, 1, 2;
    %load/vec4 v0x55f5f06fec00_0;
    %parti/s 1, 0, 2;
    %inv;
    %concat/vec4; draw_concat_vec4
    %store/vec4 v0x55f5f06fece0_0, 0, 15;
    %jmp T_0.17;
T_0.17 ;
    %pop/vec4 1;
    %jmp T_0;
    .thread T_0, $push;
    .scope S_0x55f5f068fdf0;
T_1 ;
    %vpi_call 2 9 "$dumpfile", "gtk.vcd" {0 0 0};
    %vpi_call 2 10 "$dumpvars" {0 0 0};
    %end;
    .thread T_1;
    .scope S_0x55f5f068fdf0;
T_2 ;
    %pushi/vec4 23125, 0, 15;
    %store/vec4 v0x55f5f06fef00_0, 0, 15;
    %delay 28, 0;
    %vpi_call 2 16 "$display", "in=%b", v0x55f5f06fef00_0 {0 0 0};
    %vpi_call 2 17 "$display", "true=%b", v0x55f5f06fefc0_0 {0 0 0};
    %delay 28, 0;
    %pushi/vec4 23127, 0, 15;
    %store/vec4 v0x55f5f06fef00_0, 0, 15;
    %delay 28, 0;
    %vpi_call 2 21 "$display", "in=%b", v0x55f5f06fef00_0 {0 0 0};
    %vpi_call 2 22 "$display", "true=%b", v0x55f5f06fefc0_0 {0 0 0};
    %delay 208, 0;
    %vpi_call 2 24 "$finish" {0 0 0};
    %end;
    .thread T_2;
# The file index is used to find the file name in the following table.
:file_names 4;
    "N/A";
    "<interactive>";
    "tb_dec.v";
    "decoder.v";
